<?xml version="1.0" encoding="UTF-8"?>
<testsuites name="Using data files" tests="4" time="0.520">
  <testsuite name="POST Request" id="edf09c90-2c09-460e-b92c-3d5778e1b011" timestamp="2022-03-16T04:01:23.131Z" tests="1" failures="0" errors="0" time="0.130">
    <testcase name="Response has data value" time="0.085" classname="UsingDataFiles"/>
  </testsuite>
</testsuites>